<?xml version="1.0" encoding="UTF-8"?>
<!-- Generated by org.testng.reporters.JUnitReportReporter -->
<testsuite skipped="0" hostname="DESKTOP-SKUGJSO" name="learnCollections.ERail" tests="1" failures="0" timestamp="15 Mar 2018 06:09:43 GMT" time="83.741" errors="0">
  <testcase name="webTable" time="83.741" classname="learnCollections.ERail"/>
</testsuite> <!-- learnCollections.ERail -->
