<?xml version="1.0" encoding="UTF-8"?>
<!-- Generated by org.testng.reporters.JUnitReportReporter -->
<testsuite skipped="1" hostname="DESKTOP-SKUGJSO" name="testCases.Mergelead" tests="1" failures="0" timestamp="14 Mar 2018 16:45:46 GMT" time="0.000" errors="0">
  <testcase name="mergelead" time="0.000" classname="testCases.Mergelead">
    <skipped/>
  </testcase> <!-- mergelead -->
</testsuite> <!-- testCases.Mergelead -->
