<?xml version="1.0" encoding="UTF-8"?>
<!-- Generated by org.testng.reporters.JUnitReportReporter -->
<testsuite hostname="DESKTOP-SKUGJSO" name="Practice.CreateleadTestNG" tests="2" failures="0" timestamp="8 Feb 2018 16:24:47 GMT" time="206.123" errors="0">
  <testcase name="leadCreation" time="104.440" classname="Practice.CreateleadTestNG"/>
  <testcase name="leadCreation" time="101.683" classname="Practice.CreateleadTestNG"/>
</testsuite> <!-- Practice.CreateleadTestNG -->
