<?xml version="1.0" encoding="UTF-8"?>
<!-- Generated by org.testng.reporters.JUnitReportReporter -->
<testsuite hostname="DESKTOP-SKUGJSO" name="week1.day1.CrystalCruises" tests="1" failures="0" timestamp="18 Feb 2018 11:51:48 GMT" time="13.283" errors="0">
  <testcase name="crystalCruises" time="13.283" classname="week1.day1.CrystalCruises"/>
</testsuite> <!-- week1.day1.CrystalCruises -->
