<?xml version="1.0" encoding="UTF-8"?>
<!-- Generated by org.testng.reporters.JUnitReportReporter -->
<testsuite hostname="DESKTOP-SKUGJSO" name="testCases.testcalss" tests="1" failures="0" timestamp="3 Feb 2018 05:26:07 GMT" time="0.016" errors="0">
  <testcase name="test" time="0.016" classname="testCases.testcalss"/>
</testsuite> <!-- testCases.testcalss -->
